#
# There is insufficient memory for the Java Runtime Environment to continue.
# Native memory allocation (malloc) failed to allocate 1048576 bytes for AllocateHeap
# Possible reasons:
#   The system is out of physical RAM or swap space
#   In 32 bit mode, the process size limit was hit
# Possible solutions:
#   Reduce memory load on the system
#   Increase physical memory or swap space
#   Check if swap backing store is full
#   Use 64 bit Java on a 64 bit OS
#   Decrease Java heap size (-Xmx/-Xms)
#   Decrease number of Java threads
#   Decrease Java thread stack sizes (-Xss)
#   Set larger code cache with -XX:ReservedCodeCacheSize=
# This output file may be truncated or incomplete.
#
#  Out of Memory Error (memory/allocation.inline.hpp:61), pid=17992, tid=0x0000000000005fd8
#
# JRE version:  (8.0_111-b14) (build )
# Java VM: Java HotSpot(TM) 64-Bit Server VM (25.111-b14 mixed mode windows-amd64 compressed oops)
# Failed to write core dump. Minidumps are not enabled by default on client versions of Windows
#

---------------  T H R E A D  ---------------

Current thread (0x0000000002df0800):  JavaThread "Unknown thread" [_thread_in_vm, id=24536, stack(0x0000000002cf0000,0x0000000002df0000)]

Stack: [0x0000000002cf0000,0x0000000002df0000]
[error occurred during error reporting (printing stack bounds), id 0xc0000005]

Native frames: (J=compiled Java code, j=interpreted, Vv=VM code, C=native code)


---------------  P R O C E S S  ---------------

Java Threads: ( => current thread )

Other Threads:

=>0x0000000002df0800 (exited) JavaThread "Unknown thread" [_thread_in_vm, id=24536, stack(0x0000000002cf0000,0x0000000002df0000)]

VM state:not at safepoint (normal execution)

VM Mutex/Monitor currently owned by a thread: None

Heap:
 PSYoungGen      total 75776K, used 1300K [0x000000076b580000, 0x0000000770a00000, 0x00000007c0000000)
  eden space 65024K, 2% used [0x000000076b580000,0x000000076b6c51f8,0x000000076f500000)
  from space 10752K, 0% used [0x000000076ff80000,0x000000076ff80000,0x0000000770a00000)
  to   space 10752K, 0% used [0x000000076f500000,0x000000076f500000,0x000000076ff80000)
 ParOldGen       total 173568K, used 0K [0x00000006c2000000, 0x00000006cc980000, 0x000000076b580000)
  object space 173568K, 0% used [0x00000006c2000000,0x00000006c2000000,0x00000006cc980000)
 Metaspace       used 770K, capacity 4480K, committed 4480K, reserved 1056768K
  class space    used 75K, capacity 384K, committed 384K, reserved 1048576K

Card table byte_map: [0x00000000122b0000,0x0000000012ab0000] byte_map_base: 0x000000000eca0000

Marking Bits: (ParMarkBitMap*) 0x000000005c68a6c0
 Begin Bits: [0x0000000013800000, 0x0000000017780000)
 End Bits:   [0x0000000017780000, 0x000000001b700000)

Polling page: 0x0000000001270000

CodeCache: size=245760Kb used=328Kb max_used=328Kb free=245431Kb
 bounds [0x0000000002ef0000, 0x0000000003160000, 0x0000000011ef0000]
 total_blobs=58 nmethods=0 adapters=38
 compilation: enabled

Compilation events (0 events):
No events

GC Heap History (0 events):
No events

Deoptimization events (0 events):
No events

Internal exceptions (0 events):
No events

Events (10 events):
Event: 0.028 loading class java/lang/Short
Event: 0.028 loading class java/lang/Short done
Event: 0.028 loading class java/lang/Integer
Event: 0.028 loading class java/lang/Integer done
Event: 0.028 loading class java/lang/Long
Event: 0.029 loading class java/lang/Long done
Event: 0.030 loading class java/lang/NullPointerException
Event: 0.030 loading class java/lang/NullPointerException done
Event: 0.030 loading class java/lang/ArithmeticException
Event: 0.030 loading class java/lang/ArithmeticException done


Dynamic libraries:
0x00007ff6b3e70000 - 0x00007ff6b3ea7000 	C:\Program Files\Java\jdk1.8.0_111\bin\java.exe
0x00007ffd64a90000 - 0x00007ffd64c85000 	C:\WINDOWS\SYSTEM32\ntdll.dll
0x00007ffd40200000 - 0x00007ffd40212000 	C:\Program Files (x86)\AVG\Antivirus\aswhook.dll
0x00007ffd62b50000 - 0x00007ffd62c0d000 	C:\WINDOWS\System32\KERNEL32.DLL
0x00007ffd624a0000 - 0x00007ffd62769000 	C:\WINDOWS\System32\KERNELBASE.dll
0x00007ffd63340000 - 0x00007ffd633ec000 	C:\WINDOWS\System32\ADVAPI32.dll
0x00007ffd635d0000 - 0x00007ffd6366e000 	C:\WINDOWS\System32\msvcrt.dll
0x00007ffd64320000 - 0x00007ffd643bc000 	C:\WINDOWS\System32\sechost.dll
0x00007ffd63420000 - 0x00007ffd6354b000 	C:\WINDOWS\System32\RPCRT4.dll
0x00007ffd62e90000 - 0x00007ffd63030000 	C:\WINDOWS\System32\USER32.dll
0x00007ffd627c0000 - 0x00007ffd627e2000 	C:\WINDOWS\System32\win32u.dll
0x00007ffd633f0000 - 0x00007ffd6341a000 	C:\WINDOWS\System32\GDI32.dll
0x00007ffd627f0000 - 0x00007ffd628fb000 	C:\WINDOWS\System32\gdi32full.dll
0x00007ffd62400000 - 0x00007ffd6249d000 	C:\WINDOWS\System32\msvcp_win.dll
0x00007ffd62300000 - 0x00007ffd62400000 	C:\WINDOWS\System32\ucrtbase.dll
0x00007ffd55dd0000 - 0x00007ffd5606a000 	C:\WINDOWS\WinSxS\amd64_microsoft.windows.common-controls_6595b64144ccf1df_6.0.19041.844_none_ca00b6081b84eb1d\COMCTL32.dll
0x00007ffd63a80000 - 0x00007ffd63ab0000 	C:\WINDOWS\System32\IMM32.DLL
0x000000005c920000 - 0x000000005c9f2000 	C:\Program Files\Java\jdk1.8.0_111\jre\bin\msvcr100.dll
0x000000005be70000 - 0x000000005c70a000 	C:\Program Files\Java\jdk1.8.0_111\jre\bin\server\jvm.dll
0x00007ffd62c80000 - 0x00007ffd62c88000 	C:\WINDOWS\System32\PSAPI.DLL
0x00007ffd54620000 - 0x00007ffd54629000 	C:\WINDOWS\SYSTEM32\WSOCK32.dll
0x00007ffd644a0000 - 0x00007ffd6450b000 	C:\WINDOWS\System32\WS2_32.dll
0x00007ffd55570000 - 0x00007ffd55597000 	C:\WINDOWS\SYSTEM32\WINMM.dll
0x00007ffd5b010000 - 0x00007ffd5b01a000 	C:\WINDOWS\SYSTEM32\VERSION.dll
0x000000005e000000 - 0x000000005e00f000 	C:\Program Files\Java\jdk1.8.0_111\jre\bin\verify.dll
0x000000005c8f0000 - 0x000000005c919000 	C:\Program Files\Java\jdk1.8.0_111\jre\bin\java.dll
0x000000005dfe0000 - 0x000000005dff6000 	C:\Program Files\Java\jdk1.8.0_111\jre\bin\zip.dll

VM Arguments:
jvm_args: -Dfile.encoding=UTF-8 
java_command: roombooking.RoomBooking
java_class_path (initial): C:\Users\James\Desktop\derbyclient.jar;C:\Users\James\Documents\NetBeansProjects\RoomBooking\build\classes
Launcher Type: SUN_STANDARD

Environment Variables:
JAVA_HOME=C:\Program Files\Amazon Corretto\jdk11.0.8_10
PATH=C:\Program Files\Common Files\Oracle\Java\javapath;C:\Program Files\Amazon Corretto\jdk11.0.8_10\bin;C:\Program Files (x86)\Common Files\Oracle\Java\javapath;C:\Program Files (x86)\Intel\iCLS Client\;C:\Program Files\Intel\iCLS Client\;C:\Windows\system32;C:\Windows;C:\Windows\System32\Wbem;C:\Windows\System32\WindowsPowerShell\v1.0\;C:\Program Files (x86)\NVIDIA Corporation\PhysX\Common;C:\WINDOWS\system32;C:\WINDOWS;C:\WINDOWS\System32\Wbem;C:\WINDOWS\System32\WindowsPowerShell\v1.0\;C:\WINDOWS\System32\OpenSSH\;C:\Program Files (x86)\Common Files\Acronis\VirtualFile\;C:\Program Files (x86)\Common Files\Acronis\VirtualFile64\;C:\Program Files (x86)\Common Files\Acronis\SnapAPI\;C:\Program Files\WorldPainter;C:\HTML\command;C:\Program Files\Intel\WiFi\bin\;C:\Program Files\Common Files\Intel\WirelessCommon\;C:\Program Files\NVIDIA Corporation\NVIDIA NvDLISR;C:\Program Files\SourceGear\Common\DiffMerge\;C:\WINDOWS\system32;C:\WINDOWS;C:\WINDOWS\System32\Wbem;C:\WINDOWS\System32\WindowsPowerShell\v1.0\;C:\WINDOWS\System32\OpenSSH\;C:\Program Files\Java\jdk-15.0.1\bin;C:\Program Files\Git\cmd;C:\Users\James\AppData\Local\Microsoft\WindowsApps;;C:\Users\James\AppData\Local\Programs\Microsoft VS Code\bin
USERNAME=James
OS=Windows_NT
PROCESSOR_IDENTIFIER=Intel64 Family 6 Model 94 Stepping 3, GenuineIntel



---------------  S Y S T E M  ---------------

OS: Windows 10.0 , 64 bit Build 19041 (10.0.19041.804)

CPU:total 8 (4 cores per cpu, 2 threads per core) family 6 model 94 stepping 3, cmov, cx8, fxsr, mmx, sse, sse2, sse3, ssse3, sse4.1, sse4.2, popcnt, avx, avx2, aes, clmul, erms, rtm, 3dnowpref, lzcnt, ht, tsc, tscinvbit, bmi1, bmi2, adx

Memory: 4k page, physical 16642100k(2161148k free), swap 19918900k(5884k free)

vm_info: Java HotSpot(TM) 64-Bit Server VM (25.111-b14) for windows-amd64 JRE (1.8.0_111-b14), built on Sep 22 2016 19:24:05 by "java_re" with MS VC++ 10.0 (VS2010)

time: Tue Mar 23 16:29:07 2021
elapsed time: 0 seconds (0d 0h 0m 0s)

